{"C:\\Users\\20150_000\\Desktop\\proyectos\\LIM016-cipher\\src\\cipher.js": {"path":"C:\\Users\\20150_000\\Desktop\\proyectos\\LIM016-cipher\\src\\cipher.js","statementMap":{"0":{"start":{"line":1,"column":15},"end":{"line":127,"column":1}},"1":{"start":{"line":5,"column":4},"end":{"line":61,"column":5}},"2":{"start":{"line":6,"column":6},"end":{"line":6,"column":25}},"3":{"start":{"line":10,"column":22},"end":{"line":10,"column":24}},"4":{"start":{"line":13,"column":6},"end":{"line":57,"column":7}},"5":{"start":{"line":13,"column":19},"end":{"line":13,"column":20}},"6":{"start":{"line":14,"column":20},"end":{"line":14,"column":37}},"7":{"start":{"line":16,"column":8},"end":{"line":54,"column":9}},"8":{"start":{"line":17,"column":26},"end":{"line":17,"column":49}},"9":{"start":{"line":19,"column":10},"end":{"line":25,"column":11}},"10":{"start":{"line":21,"column":12},"end":{"line":21,"column":49}},"11":{"start":{"line":24,"column":12},"end":{"line":24,"column":49}},"12":{"start":{"line":28,"column":13},"end":{"line":54,"column":9}},"13":{"start":{"line":30,"column":26},"end":{"line":30,"column":49}},"14":{"start":{"line":32,"column":10},"end":{"line":38,"column":11}},"15":{"start":{"line":34,"column":12},"end":{"line":34,"column":50}},"16":{"start":{"line":37,"column":12},"end":{"line":37,"column":49}},"17":{"start":{"line":41,"column":13},"end":{"line":54,"column":9}},"18":{"start":{"line":42,"column":26},"end":{"line":42,"column":49}},"19":{"start":{"line":43,"column":10},"end":{"line":48,"column":11}},"20":{"start":{"line":44,"column":12},"end":{"line":44,"column":49}},"21":{"start":{"line":47,"column":12},"end":{"line":47,"column":49}},"22":{"start":{"line":53,"column":10},"end":{"line":53,"column":24}},"23":{"start":{"line":55,"column":8},"end":{"line":55,"column":48}},"24":{"start":{"line":59,"column":6},"end":{"line":59,"column":22}},"25":{"start":{"line":68,"column":4},"end":{"line":120,"column":3}},"26":{"start":{"line":69,"column":6},"end":{"line":69,"column":25}},"27":{"start":{"line":74,"column":21},"end":{"line":74,"column":23}},"28":{"start":{"line":76,"column":4},"end":{"line":117,"column":5}},"29":{"start":{"line":76,"column":17},"end":{"line":76,"column":18}},"30":{"start":{"line":77,"column":18},"end":{"line":77,"column":35}},"31":{"start":{"line":79,"column":6},"end":{"line":114,"column":7}},"32":{"start":{"line":80,"column":24},"end":{"line":80,"column":47}},"33":{"start":{"line":81,"column":8},"end":{"line":87,"column":9}},"34":{"start":{"line":83,"column":10},"end":{"line":83,"column":47}},"35":{"start":{"line":86,"column":10},"end":{"line":86,"column":47}},"36":{"start":{"line":91,"column":11},"end":{"line":114,"column":7}},"37":{"start":{"line":92,"column":24},"end":{"line":92,"column":47}},"38":{"start":{"line":93,"column":8},"end":{"line":98,"column":9}},"39":{"start":{"line":94,"column":10},"end":{"line":94,"column":48}},"40":{"start":{"line":97,"column":10},"end":{"line":97,"column":47}},"41":{"start":{"line":101,"column":11},"end":{"line":114,"column":7}},"42":{"start":{"line":102,"column":24},"end":{"line":102,"column":47}},"43":{"start":{"line":103,"column":8},"end":{"line":108,"column":9}},"44":{"start":{"line":104,"column":10},"end":{"line":104,"column":47}},"45":{"start":{"line":107,"column":10},"end":{"line":107,"column":47}},"46":{"start":{"line":113,"column":8},"end":{"line":113,"column":22}},"47":{"start":{"line":115,"column":6},"end":{"line":115,"column":47}},"48":{"start":{"line":119,"column":4},"end":{"line":119,"column":21}}},"fnMap":{"0":{"name":"(anonymous_0)","decl":{"start":{"line":3,"column":10},"end":{"line":3,"column":11}},"loc":{"start":{"line":3,"column":24},"end":{"line":62,"column":3}},"line":3},"1":{"name":"(anonymous_1)","decl":{"start":{"line":66,"column":10},"end":{"line":66,"column":11}},"loc":{"start":{"line":66,"column":24},"end":{"line":126,"column":1}},"line":66}},"branchMap":{"0":{"loc":{"start":{"line":5,"column":4},"end":{"line":61,"column":5}},"type":"if","locations":[{"start":{"line":5,"column":4},"end":{"line":61,"column":5}},{"start":{"line":5,"column":4},"end":{"line":61,"column":5}}],"line":5},"1":{"loc":{"start":{"line":5,"column":8},"end":{"line":5,"column":32}},"type":"binary-expr","locations":[{"start":{"line":5,"column":8},"end":{"line":5,"column":19}},{"start":{"line":5,"column":23},"end":{"line":5,"column":32}}],"line":5},"2":{"loc":{"start":{"line":16,"column":8},"end":{"line":54,"column":9}},"type":"if","locations":[{"start":{"line":16,"column":8},"end":{"line":54,"column":9}},{"start":{"line":16,"column":8},"end":{"line":54,"column":9}}],"line":16},"3":{"loc":{"start":{"line":16,"column":12},"end":{"line":16,"column":38}},"type":"binary-expr","locations":[{"start":{"line":16,"column":12},"end":{"line":16,"column":23}},{"start":{"line":16,"column":27},"end":{"line":16,"column":38}}],"line":16},"4":{"loc":{"start":{"line":19,"column":10},"end":{"line":25,"column":11}},"type":"if","locations":[{"start":{"line":19,"column":10},"end":{"line":25,"column":11}},{"start":{"line":19,"column":10},"end":{"line":25,"column":11}}],"line":19},"5":{"loc":{"start":{"line":28,"column":13},"end":{"line":54,"column":9}},"type":"if","locations":[{"start":{"line":28,"column":13},"end":{"line":54,"column":9}},{"start":{"line":28,"column":13},"end":{"line":54,"column":9}}],"line":28},"6":{"loc":{"start":{"line":28,"column":17},"end":{"line":28,"column":44}},"type":"binary-expr","locations":[{"start":{"line":28,"column":17},"end":{"line":28,"column":28}},{"start":{"line":28,"column":32},"end":{"line":28,"column":44}}],"line":28},"7":{"loc":{"start":{"line":32,"column":10},"end":{"line":38,"column":11}},"type":"if","locations":[{"start":{"line":32,"column":10},"end":{"line":38,"column":11}},{"start":{"line":32,"column":10},"end":{"line":38,"column":11}}],"line":32},"8":{"loc":{"start":{"line":41,"column":13},"end":{"line":54,"column":9}},"type":"if","locations":[{"start":{"line":41,"column":13},"end":{"line":54,"column":9}},{"start":{"line":41,"column":13},"end":{"line":54,"column":9}}],"line":41},"9":{"loc":{"start":{"line":41,"column":17},"end":{"line":41,"column":43}},"type":"binary-expr","locations":[{"start":{"line":41,"column":17},"end":{"line":41,"column":28}},{"start":{"line":41,"column":32},"end":{"line":41,"column":43}}],"line":41},"10":{"loc":{"start":{"line":43,"column":10},"end":{"line":48,"column":11}},"type":"if","locations":[{"start":{"line":43,"column":10},"end":{"line":48,"column":11}},{"start":{"line":43,"column":10},"end":{"line":48,"column":11}}],"line":43},"11":{"loc":{"start":{"line":68,"column":4},"end":{"line":120,"column":3}},"type":"if","locations":[{"start":{"line":68,"column":4},"end":{"line":120,"column":3}},{"start":{"line":68,"column":4},"end":{"line":120,"column":3}}],"line":68},"12":{"loc":{"start":{"line":68,"column":8},"end":{"line":68,"column":32}},"type":"binary-expr","locations":[{"start":{"line":68,"column":8},"end":{"line":68,"column":19}},{"start":{"line":68,"column":23},"end":{"line":68,"column":32}}],"line":68},"13":{"loc":{"start":{"line":79,"column":6},"end":{"line":114,"column":7}},"type":"if","locations":[{"start":{"line":79,"column":6},"end":{"line":114,"column":7}},{"start":{"line":79,"column":6},"end":{"line":114,"column":7}}],"line":79},"14":{"loc":{"start":{"line":79,"column":10},"end":{"line":79,"column":36}},"type":"binary-expr","locations":[{"start":{"line":79,"column":10},"end":{"line":79,"column":21}},{"start":{"line":79,"column":25},"end":{"line":79,"column":36}}],"line":79},"15":{"loc":{"start":{"line":81,"column":8},"end":{"line":87,"column":9}},"type":"if","locations":[{"start":{"line":81,"column":8},"end":{"line":87,"column":9}},{"start":{"line":81,"column":8},"end":{"line":87,"column":9}}],"line":81},"16":{"loc":{"start":{"line":91,"column":11},"end":{"line":114,"column":7}},"type":"if","locations":[{"start":{"line":91,"column":11},"end":{"line":114,"column":7}},{"start":{"line":91,"column":11},"end":{"line":114,"column":7}}],"line":91},"17":{"loc":{"start":{"line":91,"column":15},"end":{"line":91,"column":42}},"type":"binary-expr","locations":[{"start":{"line":91,"column":15},"end":{"line":91,"column":26}},{"start":{"line":91,"column":30},"end":{"line":91,"column":42}}],"line":91},"18":{"loc":{"start":{"line":93,"column":8},"end":{"line":98,"column":9}},"type":"if","locations":[{"start":{"line":93,"column":8},"end":{"line":98,"column":9}},{"start":{"line":93,"column":8},"end":{"line":98,"column":9}}],"line":93},"19":{"loc":{"start":{"line":101,"column":11},"end":{"line":114,"column":7}},"type":"if","locations":[{"start":{"line":101,"column":11},"end":{"line":114,"column":7}},{"start":{"line":101,"column":11},"end":{"line":114,"column":7}}],"line":101},"20":{"loc":{"start":{"line":101,"column":15},"end":{"line":101,"column":41}},"type":"binary-expr","locations":[{"start":{"line":101,"column":15},"end":{"line":101,"column":26}},{"start":{"line":101,"column":30},"end":{"line":101,"column":41}}],"line":101},"21":{"loc":{"start":{"line":103,"column":8},"end":{"line":108,"column":9}},"type":"if","locations":[{"start":{"line":103,"column":8},"end":{"line":108,"column":9}},{"start":{"line":103,"column":8},"end":{"line":108,"column":9}}],"line":103}},"s":{"0":1,"1":11,"2":3,"3":8,"4":8,"5":8,"6":127,"7":127,"8":52,"9":52,"10":1,"11":51,"12":75,"13":52,"14":52,"15":1,"16":51,"17":23,"18":20,"19":20,"20":1,"21":19,"22":3,"23":127,"24":7,"25":8,"26":3,"27":5,"28":5,"29":5,"30":65,"31":65,"32":26,"33":26,"34":25,"35":1,"36":39,"37":26,"38":26,"39":25,"40":1,"41":13,"42":10,"43":10,"44":1,"45":9,"46":3,"47":65,"48":4},"f":{"0":11,"1":8},"b":{"0":[3,8],"1":[11,9],"2":[52,75],"3":[127,104],"4":[1,51],"5":[52,23],"6":[75,52],"7":[1,51],"8":[20,3],"9":[23,21],"10":[1,19],"11":[3,5],"12":[8,6],"13":[26,39],"14":[65,52],"15":[25,1],"16":[26,13],"17":[39,26],"18":[25,1],"19":[10,3],"20":[13,11],"21":[1,9]},"_coverageSchema":"1a1c01bbd47fc00a2c39e90264f33305004495a9","hash":"93ec775ac236eebc145695f74de9edc22ccd466b"}
}
