TN:
SF:src\cipher.js
FN:3,(anonymous_0)
FN:66,(anonymous_1)
FNF:2
FNH:2
FNDA:11,(anonymous_0)
FNDA:8,(anonymous_1)
DA:1,1
DA:5,11
DA:6,3
DA:10,8
DA:13,8
DA:14,127
DA:16,127
DA:17,52
DA:19,52
DA:21,1
DA:24,51
DA:28,75
DA:30,52
DA:32,52
DA:34,1
DA:37,51
DA:41,23
DA:42,20
DA:43,20
DA:44,1
DA:47,19
DA:53,3
DA:55,127
DA:59,7
DA:68,8
DA:69,3
DA:74,5
DA:76,5
DA:77,65
DA:79,65
DA:80,26
DA:81,26
DA:83,25
DA:86,1
DA:91,39
DA:92,26
DA:93,26
DA:94,25
DA:97,1
DA:101,13
DA:102,10
DA:103,10
DA:104,1
DA:107,9
DA:113,3
DA:115,65
DA:119,4
LF:47
LH:47
BRDA:5,0,0,3
BRDA:5,0,1,8
BRDA:5,1,0,11
BRDA:5,1,1,9
BRDA:16,2,0,52
BRDA:16,2,1,75
BRDA:16,3,0,127
BRDA:16,3,1,104
BRDA:19,4,0,1
BRDA:19,4,1,51
BRDA:28,5,0,52
BRDA:28,5,1,23
BRDA:28,6,0,75
BRDA:28,6,1,52
BRDA:32,7,0,1
BRDA:32,7,1,51
BRDA:41,8,0,20
BRDA:41,8,1,3
BRDA:41,9,0,23
BRDA:41,9,1,21
BRDA:43,10,0,1
BRDA:43,10,1,19
BRDA:68,11,0,3
BRDA:68,11,1,5
BRDA:68,12,0,8
BRDA:68,12,1,6
BRDA:79,13,0,26
BRDA:79,13,1,39
BRDA:79,14,0,65
BRDA:79,14,1,52
BRDA:81,15,0,25
BRDA:81,15,1,1
BRDA:91,16,0,26
BRDA:91,16,1,13
BRDA:91,17,0,39
BRDA:91,17,1,26
BRDA:93,18,0,25
BRDA:93,18,1,1
BRDA:101,19,0,10
BRDA:101,19,1,3
BRDA:101,20,0,13
BRDA:101,20,1,11
BRDA:103,21,0,1
BRDA:103,21,1,9
BRF:44
BRH:44
end_of_record
